<?xml version="1.0" encoding="UTF-8"?>
<!-- Generated by org.testng.reporters.JUnitReportReporter -->
<testsuite skipped="0" hostname="deepin" name="com.dyq.studys.TestStudy_1" tests="1" failures="0" timestamp="05 八月 2019 13:28:47 GMT" time="0.005" errors="0">
  <testcase name="test" time="0.005" classname="com.dyq.studys.TestStudy_1"/>
</testsuite> <!-- com.dyq.studys.TestStudy_1 -->
